Arguments: 
  /data/data/com.termux/files/usr/bin/node /data/data/com.termux/files/usr/share/yarn/bin/yarn.js

PATH: 
  /data/data/com.termux/files/usr/bin

Yarn version: 
  1.22.19

Node version: 
  19.6.1

Platform: 
  android arm64

Trace: 
  Error: EACCES: permission denied, symlink '../../../../pino/bin.js' -> '/storage/emulated/0/NAISA-MD-V2-main/node_modules/@adiwajshing/baileys/node_modules/.bin/pino'

npm manifest: 
  {
    "name": "Dryan-MD",
    "version": "3.0.0",
    "description": "WhatsApp Bot Script",
    "main": "index.js",
    "type": "commonjs",
    "dependencies": {
      "@adiwajshing/baileys": "latest",
      "@adiwajshing/keyed-db": "^0.2.4",
      "@ffmpeg-installer/ffmpeg": "^1.1.0",
      "@hapi/boom": "^10.0.0",
      "awesome-phonenumber": "^2.64.0",
      "chalk": "^4.1.2",
      "check-disk-space": "^3.3.1",
      "axios": "^0.24.0",
      "chalk": "^4.1.2",
      "cheerio": "^1.0.0-rc.10",
      "child_process": "^1.0.2",
      "crypto": "^1.0.1",
      "file-type": "^16.5.3",
      "fs": "^0.0.1-security",
      "fs-extra": "^10.0.0",
      "fluent-ffmpeg": "^2.1.2",
      "form-data": "^4.0.0",
      "moment-timezone": "^0.5.34",
      "node-cron": "^3.0.2",
      "node-fetch": "3.0.0-beta.9",
      "node-webpmux": "^3.1.1",
      "nodemon": "^2.0.7",
      "performance-now": "^2.1.0",
      "parse-ms": "^2.1.0",
      "path": "^0.12.7",
      "pino": "^7.9.2",
      "qrcode-terminal": "^0.12.0",
      "request": "^2.88.2",
      "supervisor": "^0.12.0",
      "node-fetch": "3.0.0-beta.9",
      "util": "^0.12.4"
    },
    "devDependencies": {
      "@hapi/boom": "^9.1.4",
      "jimp": "^0.16.1",
      "pino": "^7.6.5",
      "qrcode-terminal": "^0.12.0"
    },
    "scripts": {
      "start": "node index.js",
      "test": "echo \"Error: no test specified\" && exit 1"
    }
  }

yarn manifest: 
  No manifest

Lockfile: 
  No lockfile
